{"D:\\Terciario\\PP2-Vercel\\pp2-vercel\\Backend\\src\\services\\SesionesService.js": {"path":"D:\\Terciario\\PP2-Vercel\\pp2-vercel\\Backend\\src\\services\\SesionesService.js","statementMap":{"0":{"start":{"line":3,"column":18},"end":{"line":3,"column":30}},"1":{"start":{"line":4,"column":11},"end":{"line":4,"column":26}},"2":{"start":{"line":5,"column":15},"end":{"line":5,"column":24}},"3":{"start":{"line":6,"column":14},"end":{"line":6,"column":22}},"4":{"start":{"line":8,"column":18},"end":{"line":12,"column":1}},"5":{"start":{"line":9,"column":19},"end":{"line":9,"column":38}},"6":{"start":{"line":10,"column":21},"end":{"line":10,"column":52}},"7":{"start":{"line":11,"column":4},"end":{"line":11,"column":45}},"8":{"start":{"line":14,"column":41},"end":{"line":24,"column":1}},"9":{"start":{"line":16,"column":4},"end":{"line":23,"column":7}},"10":{"start":{"line":26,"column":32},"end":{"line":92,"column":1}},"11":{"start":{"line":28,"column":82},"end":{"line":28,"column":87}},"12":{"start":{"line":29,"column":14},"end":{"line":29,"column":43}},"13":{"start":{"line":31,"column":4},"end":{"line":91,"column":5}},"14":{"start":{"line":32,"column":32},"end":{"line":32,"column":82}},"15":{"start":{"line":33,"column":28},"end":{"line":33,"column":66}},"16":{"start":{"line":35,"column":8},"end":{"line":37,"column":9}},"17":{"start":{"line":36,"column":12},"end":{"line":36,"column":73}},"18":{"start":{"line":39,"column":8},"end":{"line":41,"column":9}},"19":{"start":{"line":40,"column":12},"end":{"line":40,"column":107}},"20":{"start":{"line":44,"column":28},"end":{"line":44,"column":67}},"21":{"start":{"line":45,"column":32},"end":{"line":45,"column":69}},"22":{"start":{"line":46,"column":38},"end":{"line":46,"column":80}},"23":{"start":{"line":47,"column":8},"end":{"line":85,"column":9}},"24":{"start":{"line":48,"column":32},"end":{"line":57,"column":30}},"25":{"start":{"line":59,"column":29},"end":{"line":59,"column":50}},"26":{"start":{"line":60,"column":32},"end":{"line":60,"column":34}},"27":{"start":{"line":61,"column":26},"end":{"line":61,"column":47}},"28":{"start":{"line":63,"column":8},"end":{"line":76,"column":9}},"29":{"start":{"line":63,"column":21},"end":{"line":63,"column":22}},"30":{"start":{"line":64,"column":12},"end":{"line":64,"column":43}},"31":{"start":{"line":64,"column":37},"end":{"line":64,"column":43}},"32":{"start":{"line":65,"column":39},"end":{"line":65,"column":89}},"33":{"start":{"line":67,"column":12},"end":{"line":73,"column":15}},"34":{"start":{"line":74,"column":12},"end":{"line":74,"column":49}},"35":{"start":{"line":75,"column":12},"end":{"line":75,"column":59}},"36":{"start":{"line":78,"column":8},"end":{"line":78,"column":70}},"37":{"start":{"line":79,"column":8},"end":{"line":79,"column":25}},"38":{"start":{"line":80,"column":8},"end":{"line":80,"column":70}},"39":{"start":{"line":83,"column":12},"end":{"line":83,"column":31}},"40":{"start":{"line":84,"column":12},"end":{"line":84,"column":24}},"41":{"start":{"line":88,"column":8},"end":{"line":88,"column":42}},"42":{"start":{"line":89,"column":8},"end":{"line":89,"column":27}},"43":{"start":{"line":90,"column":8},"end":{"line":90,"column":20}},"44":{"start":{"line":96,"column":34},"end":{"line":104,"column":1}},"45":{"start":{"line":97,"column":4},"end":{"line":103,"column":7}},"46":{"start":{"line":106,"column":30},"end":{"line":108,"column":1}},"47":{"start":{"line":107,"column":4},"end":{"line":107,"column":84}},"48":{"start":{"line":110,"column":36},"end":{"line":122,"column":1}},"49":{"start":{"line":111,"column":14},"end":{"line":111,"column":43}},"50":{"start":{"line":112,"column":4},"end":{"line":121,"column":5}},"51":{"start":{"line":113,"column":8},"end":{"line":113,"column":74}},"52":{"start":{"line":114,"column":27},"end":{"line":114,"column":82}},"53":{"start":{"line":115,"column":8},"end":{"line":115,"column":70}},"54":{"start":{"line":115,"column":30},"end":{"line":115,"column":70}},"55":{"start":{"line":116,"column":8},"end":{"line":116,"column":25}},"56":{"start":{"line":117,"column":8},"end":{"line":117,"column":20}},"57":{"start":{"line":119,"column":8},"end":{"line":119,"column":27}},"58":{"start":{"line":120,"column":8},"end":{"line":120,"column":20}},"59":{"start":{"line":126,"column":48},"end":{"line":147,"column":1}},"60":{"start":{"line":127,"column":4},"end":{"line":146,"column":5}},"61":{"start":{"line":128,"column":8},"end":{"line":130,"column":9}},"62":{"start":{"line":129,"column":12},"end":{"line":129,"column":52}},"63":{"start":{"line":132,"column":25},"end":{"line":140,"column":10}},"64":{"start":{"line":142,"column":8},"end":{"line":142,"column":24}},"65":{"start":{"line":144,"column":8},"end":{"line":144,"column":75}},"66":{"start":{"line":145,"column":8},"end":{"line":145,"column":20}},"67":{"start":{"line":151,"column":44},"end":{"line":165,"column":1}},"68":{"start":{"line":152,"column":16},"end":{"line":152,"column":54}},"69":{"start":{"line":153,"column":25},"end":{"line":157,"column":6}},"70":{"start":{"line":158,"column":22},"end":{"line":163,"column":6}},"71":{"start":{"line":164,"column":4},"end":{"line":164,"column":39}},"72":{"start":{"line":167,"column":36},"end":{"line":185,"column":1}},"73":{"start":{"line":168,"column":14},"end":{"line":168,"column":72}},"74":{"start":{"line":169,"column":4},"end":{"line":184,"column":5}},"75":{"start":{"line":170,"column":22},"end":{"line":170,"column":110}},"76":{"start":{"line":171,"column":8},"end":{"line":171,"column":59}},"77":{"start":{"line":171,"column":20},"end":{"line":171,"column":59}},"78":{"start":{"line":173,"column":24},"end":{"line":173,"column":67}},"79":{"start":{"line":174,"column":8},"end":{"line":177,"column":9}},"80":{"start":{"line":175,"column":12},"end":{"line":175,"column":41}},"81":{"start":{"line":176,"column":12},"end":{"line":176,"column":46}},"82":{"start":{"line":178,"column":8},"end":{"line":178,"column":56}},"83":{"start":{"line":179,"column":8},"end":{"line":179,"column":32}},"84":{"start":{"line":179,"column":15},"end":{"line":179,"column":32}},"85":{"start":{"line":180,"column":8},"end":{"line":180,"column":88}},"86":{"start":{"line":182,"column":8},"end":{"line":182,"column":34}},"87":{"start":{"line":182,"column":15},"end":{"line":182,"column":34}},"88":{"start":{"line":183,"column":8},"end":{"line":183,"column":20}},"89":{"start":{"line":187,"column":29},"end":{"line":198,"column":1}},"90":{"start":{"line":188,"column":14},"end":{"line":188,"column":43}},"91":{"start":{"line":189,"column":4},"end":{"line":197,"column":5}},"92":{"start":{"line":190,"column":22},"end":{"line":190,"column":66}},"93":{"start":{"line":191,"column":8},"end":{"line":191,"column":59}},"94":{"start":{"line":191,"column":20},"end":{"line":191,"column":59}},"95":{"start":{"line":192,"column":8},"end":{"line":192,"column":63}},"96":{"start":{"line":193,"column":8},"end":{"line":193,"column":25}},"97":{"start":{"line":195,"column":8},"end":{"line":195,"column":27}},"98":{"start":{"line":196,"column":8},"end":{"line":196,"column":20}},"99":{"start":{"line":200,"column":29},"end":{"line":202,"column":1}},"100":{"start":{"line":201,"column":4},"end":{"line":201,"column":84}},"101":{"start":{"line":204,"column":37},"end":{"line":231,"column":1}},"102":{"start":{"line":205,"column":16},"end":{"line":205,"column":54}},"103":{"start":{"line":206,"column":25},"end":{"line":210,"column":6}},"104":{"start":{"line":212,"column":4},"end":{"line":212,"column":55}},"105":{"start":{"line":212,"column":23},"end":{"line":212,"column":55}},"106":{"start":{"line":214,"column":16},"end":{"line":218,"column":6}},"107":{"start":{"line":220,"column":18},"end":{"line":220,"column":44}},"108":{"start":{"line":221,"column":4},"end":{"line":228,"column":5}},"109":{"start":{"line":222,"column":8},"end":{"line":226,"column":11}},"110":{"start":{"line":227,"column":8},"end":{"line":227,"column":70}},"111":{"start":{"line":230,"column":4},"end":{"line":230,"column":73}}},"fnMap":{"0":{"name":"(anonymous_0)","decl":{"start":{"line":8,"column":18},"end":{"line":8,"column":19}},"loc":{"start":{"line":8,"column":34},"end":{"line":12,"column":1}},"line":8},"1":{"name":"(anonymous_1)","decl":{"start":{"line":14,"column":41},"end":{"line":14,"column":42}},"loc":{"start":{"line":14,"column":59},"end":{"line":24,"column":1}},"line":14},"2":{"name":"(anonymous_2)","decl":{"start":{"line":26,"column":32},"end":{"line":26,"column":33}},"loc":{"start":{"line":26,"column":49},"end":{"line":92,"column":1}},"line":26},"3":{"name":"(anonymous_3)","decl":{"start":{"line":96,"column":34},"end":{"line":96,"column":35}},"loc":{"start":{"line":96,"column":46},"end":{"line":104,"column":1}},"line":96},"4":{"name":"(anonymous_4)","decl":{"start":{"line":106,"column":30},"end":{"line":106,"column":31}},"loc":{"start":{"line":106,"column":44},"end":{"line":108,"column":1}},"line":106},"5":{"name":"(anonymous_5)","decl":{"start":{"line":110,"column":36},"end":{"line":110,"column":37}},"loc":{"start":{"line":110,"column":50},"end":{"line":122,"column":1}},"line":110},"6":{"name":"(anonymous_6)","decl":{"start":{"line":126,"column":48},"end":{"line":126,"column":49}},"loc":{"start":{"line":126,"column":68},"end":{"line":147,"column":1}},"line":126},"7":{"name":"(anonymous_7)","decl":{"start":{"line":151,"column":44},"end":{"line":151,"column":45}},"loc":{"start":{"line":151,"column":62},"end":{"line":165,"column":1}},"line":151},"8":{"name":"(anonymous_8)","decl":{"start":{"line":167,"column":36},"end":{"line":167,"column":37}},"loc":{"start":{"line":167,"column":76},"end":{"line":185,"column":1}},"line":167},"9":{"name":"(anonymous_9)","decl":{"start":{"line":187,"column":29},"end":{"line":187,"column":30}},"loc":{"start":{"line":187,"column":43},"end":{"line":198,"column":1}},"line":187},"10":{"name":"(anonymous_10)","decl":{"start":{"line":200,"column":29},"end":{"line":200,"column":30}},"loc":{"start":{"line":200,"column":43},"end":{"line":202,"column":1}},"line":200},"11":{"name":"(anonymous_11)","decl":{"start":{"line":204,"column":37},"end":{"line":204,"column":38}},"loc":{"start":{"line":204,"column":55},"end":{"line":231,"column":1}},"line":204}},"branchMap":{"0":{"loc":{"start":{"line":35,"column":8},"end":{"line":37,"column":9}},"type":"if","locations":[{"start":{"line":35,"column":8},"end":{"line":37,"column":9}},{"start":{},"end":{}}],"line":35},"1":{"loc":{"start":{"line":39,"column":8},"end":{"line":41,"column":9}},"type":"if","locations":[{"start":{"line":39,"column":8},"end":{"line":41,"column":9}},{"start":{},"end":{}}],"line":39},"2":{"loc":{"start":{"line":45,"column":32},"end":{"line":45,"column":69}},"type":"cond-expr","locations":[{"start":{"line":45,"column":50},"end":{"line":45,"column":65}},{"start":{"line":45,"column":68},"end":{"line":45,"column":69}}],"line":45},"3":{"loc":{"start":{"line":64,"column":12},"end":{"line":64,"column":43}},"type":"if","locations":[{"start":{"line":64,"column":12},"end":{"line":64,"column":43}},{"start":{},"end":{}}],"line":64},"4":{"loc":{"start":{"line":115,"column":8},"end":{"line":115,"column":70}},"type":"if","locations":[{"start":{"line":115,"column":8},"end":{"line":115,"column":70}},{"start":{},"end":{}}],"line":115},"5":{"loc":{"start":{"line":128,"column":8},"end":{"line":130,"column":9}},"type":"if","locations":[{"start":{"line":128,"column":8},"end":{"line":130,"column":9}},{"start":{},"end":{}}],"line":128},"6":{"loc":{"start":{"line":128,"column":12},"end":{"line":128,"column":40}},"type":"binary-expr","locations":[{"start":{"line":128,"column":12},"end":{"line":128,"column":21}},{"start":{"line":128,"column":25},"end":{"line":128,"column":40}}],"line":128},"7":{"loc":{"start":{"line":168,"column":14},"end":{"line":168,"column":72}},"type":"cond-expr","locations":[{"start":{"line":168,"column":36},"end":{"line":168,"column":65}},{"start":{"line":168,"column":68},"end":{"line":168,"column":72}}],"line":168},"8":{"loc":{"start":{"line":171,"column":8},"end":{"line":171,"column":59}},"type":"if","locations":[{"start":{"line":171,"column":8},"end":{"line":171,"column":59}},{"start":{},"end":{}}],"line":171},"9":{"loc":{"start":{"line":174,"column":8},"end":{"line":177,"column":9}},"type":"if","locations":[{"start":{"line":174,"column":8},"end":{"line":177,"column":9}},{"start":{},"end":{}}],"line":174},"10":{"loc":{"start":{"line":179,"column":8},"end":{"line":179,"column":32}},"type":"if","locations":[{"start":{"line":179,"column":8},"end":{"line":179,"column":32}},{"start":{},"end":{}}],"line":179},"11":{"loc":{"start":{"line":182,"column":8},"end":{"line":182,"column":34}},"type":"if","locations":[{"start":{"line":182,"column":8},"end":{"line":182,"column":34}},{"start":{},"end":{}}],"line":182},"12":{"loc":{"start":{"line":191,"column":8},"end":{"line":191,"column":59}},"type":"if","locations":[{"start":{"line":191,"column":8},"end":{"line":191,"column":59}},{"start":{},"end":{}}],"line":191},"13":{"loc":{"start":{"line":212,"column":4},"end":{"line":212,"column":55}},"type":"if","locations":[{"start":{"line":212,"column":4},"end":{"line":212,"column":55}},{"start":{},"end":{}}],"line":212},"14":{"loc":{"start":{"line":221,"column":4},"end":{"line":228,"column":5}},"type":"if","locations":[{"start":{"line":221,"column":4},"end":{"line":228,"column":5}},{"start":{},"end":{}}],"line":221}},"s":{"0":1,"1":1,"2":1,"3":1,"4":1,"5":2,"6":2,"7":2,"8":1,"9":1,"10":1,"11":4,"12":4,"13":4,"14":4,"15":4,"16":4,"17":1,"18":3,"19":1,"20":2,"21":2,"22":2,"23":2,"24":2,"25":2,"26":2,"27":2,"28":2,"29":2,"30":2,"31":0,"32":2,"33":2,"34":2,"35":2,"36":2,"37":2,"38":2,"39":0,"40":0,"41":2,"42":2,"43":2,"44":1,"45":0,"46":1,"47":0,"48":1,"49":1,"50":1,"51":1,"52":1,"53":1,"54":1,"55":0,"56":0,"57":1,"58":1,"59":1,"60":0,"61":0,"62":0,"63":0,"64":0,"65":0,"66":0,"67":1,"68":0,"69":0,"70":0,"71":0,"72":1,"73":0,"74":0,"75":0,"76":0,"77":0,"78":0,"79":0,"80":0,"81":0,"82":0,"83":0,"84":0,"85":0,"86":0,"87":0,"88":0,"89":1,"90":0,"91":0,"92":0,"93":0,"94":0,"95":0,"96":0,"97":0,"98":0,"99":1,"100":0,"101":1,"102":1,"103":1,"104":1,"105":1,"106":0,"107":0,"108":0,"109":0,"110":0,"111":0},"f":{"0":2,"1":1,"2":4,"3":0,"4":0,"5":1,"6":0,"7":0,"8":0,"9":0,"10":0,"11":1},"b":{"0":[1,3],"1":[1,2],"2":[2,0],"3":[0,2],"4":[1,0],"5":[0,0],"6":[0,0],"7":[0,0],"8":[0,0],"9":[0,0],"10":[0,0],"11":[0,0],"12":[0,0],"13":[1,0],"14":[0,0]},"inputSourceMap":null,"_coverageSchema":"1a1c01bbd47fc00a2c39e90264f33305004495a9","hash":"d7cdf6dbf916650b2f0fe42c360334a9b3cbf222"}
}
