TN:
SF:Backend\src\services\SesionesService.js
FN:8,(anonymous_0)
FN:14,(anonymous_1)
FN:26,(anonymous_2)
FN:96,(anonymous_3)
FN:106,(anonymous_4)
FN:110,(anonymous_5)
FN:126,(anonymous_6)
FN:151,(anonymous_7)
FN:167,(anonymous_8)
FN:187,(anonymous_9)
FN:200,(anonymous_10)
FN:204,(anonymous_11)
FNF:12
FNH:5
FNDA:2,(anonymous_0)
FNDA:1,(anonymous_1)
FNDA:4,(anonymous_2)
FNDA:0,(anonymous_3)
FNDA:0,(anonymous_4)
FNDA:1,(anonymous_5)
FNDA:0,(anonymous_6)
FNDA:0,(anonymous_7)
FNDA:0,(anonymous_8)
FNDA:0,(anonymous_9)
FNDA:0,(anonymous_10)
FNDA:1,(anonymous_11)
DA:3,1
DA:4,1
DA:5,1
DA:6,1
DA:8,1
DA:9,2
DA:10,2
DA:11,2
DA:14,1
DA:16,1
DA:26,1
DA:28,4
DA:29,4
DA:31,4
DA:32,4
DA:33,4
DA:35,4
DA:36,1
DA:39,3
DA:40,1
DA:44,2
DA:45,2
DA:46,2
DA:47,2
DA:48,2
DA:59,2
DA:60,2
DA:61,2
DA:63,2
DA:64,2
DA:65,2
DA:67,2
DA:74,2
DA:75,2
DA:78,2
DA:79,2
DA:80,2
DA:83,0
DA:84,0
DA:88,2
DA:89,2
DA:90,2
DA:96,1
DA:97,0
DA:106,1
DA:107,0
DA:110,1
DA:111,1
DA:112,1
DA:113,1
DA:114,1
DA:115,1
DA:116,0
DA:117,0
DA:119,1
DA:120,1
DA:126,1
DA:127,0
DA:128,0
DA:129,0
DA:132,0
DA:142,0
DA:144,0
DA:145,0
DA:151,1
DA:152,0
DA:153,0
DA:158,0
DA:164,0
DA:167,1
DA:168,0
DA:169,0
DA:170,0
DA:171,0
DA:173,0
DA:174,0
DA:175,0
DA:176,0
DA:178,0
DA:179,0
DA:180,0
DA:182,0
DA:183,0
DA:187,1
DA:188,0
DA:189,0
DA:190,0
DA:191,0
DA:192,0
DA:193,0
DA:195,0
DA:196,0
DA:200,1
DA:201,0
DA:204,1
DA:205,1
DA:206,1
DA:212,1
DA:214,0
DA:220,0
DA:221,0
DA:222,0
DA:227,0
DA:230,0
LF:104
LH:59
BRDA:35,0,0,1
BRDA:35,0,1,3
BRDA:39,1,0,1
BRDA:39,1,1,2
BRDA:45,2,0,2
BRDA:45,2,1,0
BRDA:64,3,0,0
BRDA:64,3,1,2
BRDA:115,4,0,1
BRDA:115,4,1,0
BRDA:128,5,0,0
BRDA:128,5,1,0
BRDA:128,6,0,0
BRDA:128,6,1,0
BRDA:168,7,0,0
BRDA:168,7,1,0
BRDA:171,8,0,0
BRDA:171,8,1,0
BRDA:174,9,0,0
BRDA:174,9,1,0
BRDA:179,10,0,0
BRDA:179,10,1,0
BRDA:182,11,0,0
BRDA:182,11,1,0
BRDA:191,12,0,0
BRDA:191,12,1,0
BRDA:212,13,0,1
BRDA:212,13,1,0
BRDA:221,14,0,0
BRDA:221,14,1,0
BRF:30
BRH:8
end_of_record
